<?xml version="1.0"?>
<testsuites>
  <testsuite name="Firefox 31.0.0 (Mac OS X 10.9)" package="" timestamp="2014-09-08T06:37:53" id="0" hostname="ozan-sf" tests="1" errors="0" failures="0" time="0.002">
    <properties>
      <property name="browser.fullName" value="Mozilla/5.0 (Macintosh; Intel Mac OS X 10.9; rv:31.0) Gecko/20100101 Firefox/31.0"/>
    </properties>
    <testcase name="" time="0.002" classname="Firefox 31.0.0 (Mac OS X 10.9)."/>
    <system-out><![CDATA[
]]></system-out>
    <system-err/>
  </testsuite>
  <testsuite name="Chrome 37.0.2062 (Mac OS X 10.9.4)" package="" timestamp="2014-09-08T06:37:53" id="0" hostname="ozan-sf" tests="1" errors="0" failures="0" time="0.003">
    <properties>
      <property name="browser.fullName" value="Mozilla/5.0 (Macintosh; Intel Mac OS X 10_9_4) AppleWebKit/537.36 (KHTML, like Gecko) Chrome/37.0.2062.94 Safari/537.36"/>
    </properties>
    <testcase name="" time="0.003" classname="Chrome 37.0.2062 (Mac OS X 10.9.4)."/>
    <system-out><![CDATA[
]]></system-out>
    <system-err/>
  </testsuite>
</testsuites>
